{
  "RSpec": {
    "coverage": {
      "/home/remote-block-8322/tic-tac-toe-rb-ruby-intro-000/lib/tic_tac_toe.rb": [
        null,
        1,
        16,
        null,
        null,
        null,
        1,
        null,
        null,
        null,
        null,
        null,
        null,
        null,
        null,
        null,
        1,
        null,
        1,
        4,
        4,
        4,
        4,
        4,
        null,
        null,
        1,
        6,
        null,
        null,
        1,
        5,
        null,
        null,
        1,
        6,
        null,
        null,
        1,
        3,
        3,
        3,
        3,
        2,
        2,
        null,
        1,
        null,
        null,
        null,
        1,
        4,
        36,
        null,
        null,
        null,
        1,
        3,
        null,
        null,
        1,
        13,
        93,
        null,
        null,
        null,
        1,
        0,
        null,
        null,
        1,
        7,
        42,
        null,
        null,
        null,
        1,
        6,
        null,
        null,
        1,
        3,
        null,
        null,
        1,
        3,
        3,
        2,
        null,
        null,
        null,
        1,
        2,
        null
      ]
    },
    "timestamp": 1597864244
  }
}
