{
  "RSpec": {
    "coverage": {
      "/home/remote-block-8322/tic-tac-toe-rb-ruby-intro-000/lib/tic_tac_toe.rb": [
        null,
        1,
        6,
        null,
        null,
        null,
        1,
        null,
        null,
        null,
        null,
        null,
        null,
        null,
        null,
        null,
        1,
        null,
        1,
        2,
        2,
        2,
        2,
        2,
        null,
        null,
        1,
        3,
        null,
        null,
        1,
        3,
        null,
        null,
        1,
        3,
        null,
        null,
        1,
        0,
        0,
        0,
        0,
        0,
        0,
        null,
        0,
        null,
        null,
        null,
        1,
        1,
        9,
        null,
        null,
        null,
        null,
        null,
        null,
        null,
        null,
        null
      ]
    },
    "timestamp": 1597861381
  }
}
